Log file open, 04/26/21 14:27:46
LogInit: Display: Running engine for game: Age_of_DecayCoded
LogPlatformFile: Not using cached read wrapper
LogTaskGraph: Started task graph with 5 named threads and 20 total threads with 3 sets of task threads.
LogStats: Stats thread started at 0.175618
LogD3D11RHI: Loaded GFSDK_Aftermath_Lib.x64.dll
LogICUInternationalization: ICU TimeZone Detection - Raw Offset: +0:00, Platform Override: ''
LogPluginManager: Mounting plugin Paper2D
LogPluginManager: Mounting plugin AISupport
LogPluginManager: Mounting plugin LightPropagationVolume
LogPluginManager: Mounting plugin CameraShakePreviewer
LogPluginManager: Mounting plugin ActorLayerUtilities
LogPluginManager: Mounting plugin AnimationSharing
LogPluginManager: Mounting plugin CLionSourceCodeAccess
LogPluginManager: Mounting plugin CodeLiteSourceCodeAccess
LogPluginManager: Mounting plugin GitSourceControl
LogPluginManager: Mounting plugin KDevelopSourceCodeAccess
LogPluginManager: Mounting plugin NullSourceCodeAccess
LogPluginManager: Mounting plugin PerforceSourceControl
LogPluginManager: Mounting plugin PlasticSourceControl
LogPluginManager: Mounting plugin RiderSourceCodeAccess
LogPluginManager: Mounting plugin SubversionSourceControl
LogPluginManager: Mounting plugin UObjectPlugin
LogPluginManager: Mounting plugin VisualStudioCodeSourceCodeAccess
LogPluginManager: Mounting plugin VisualStudioSourceCodeAccess
LogPluginManager: Mounting plugin XCodeSourceCodeAccess
LogPluginManager: Mounting plugin AssetManagerEditor
LogPluginManager: Mounting plugin CryptoKeys
LogPluginManager: Mounting plugin CurveEditorTools
LogPluginManager: Mounting plugin DataValidation
LogPluginManager: Mounting plugin EditorScriptingUtilities
LogPluginManager: Mounting plugin FacialAnimation
LogPluginManager: Mounting plugin GameplayTagsEditor
LogPluginManager: Mounting plugin GeometryMode
LogPluginManager: Mounting plugin MacGraphicsSwitching
LogPluginManager: Mounting plugin MaterialAnalyzer
LogPluginManager: Mounting plugin MobileLauncherProfileWizard
LogPluginManager: Mounting plugin PluginBrowser
LogPluginManager: Mounting plugin SpeedTreeImporter
LogPluginManager: Mounting plugin DatasmithContent
LogPluginManager: Mounting plugin VariantManagerContent
LogPluginManager: Mounting plugin AlembicImporter
LogPluginManager: Mounting plugin AutomationUtils
LogPluginManager: Mounting plugin BackChannel
LogPluginManager: Mounting plugin ChaosCloth
LogPluginManager: Mounting plugin ChaosClothEditor
LogPluginManager: Mounting plugin ChaosEditor
LogPluginManager: Mounting plugin ChaosNiagara
LogPluginManager: Mounting plugin ChaosSolverPlugin
LogPluginManager: Mounting plugin CharacterAI
LogPluginManager: Mounting plugin GeometryCache
LogPluginManager: Mounting plugin GeometryCollectionPlugin
LogPluginManager: Mounting plugin GeometryProcessing
LogPluginManager: Mounting plugin PlanarCut
LogPluginManager: Mounting plugin PlatformCrypto
LogPluginManager: Mounting plugin ProxyLODPlugin
LogPluginManager: Mounting plugin SkeletalReduction
LogPluginManager: Mounting plugin Niagara
LogPluginManager: Mounting plugin MagicLeap
LogPluginManager: Mounting plugin MagicLeapLightEstimation
LogPluginManager: Mounting plugin MagicLeapMedia
LogPluginManager: Mounting plugin MagicLeapPassableWorld
LogPluginManager: Mounting plugin MLSDK
LogPluginManager: Mounting plugin AndroidMedia
LogPluginManager: Mounting plugin AvfMedia
LogPluginManager: Mounting plugin ImgMedia
LogPluginManager: Mounting plugin MediaCompositing
LogPluginManager: Mounting plugin MediaPlayerEditor
LogPluginManager: Mounting plugin WebMMedia
LogPluginManager: Mounting plugin WmfMedia
LogPluginManager: Mounting plugin MeshPainting
LogPluginManager: Mounting plugin TcpMessaging
LogPluginManager: Mounting plugin UdpMessaging
LogPluginManager: Mounting plugin ActorSequence
LogPluginManager: Mounting plugin LevelSequenceEditor
LogPluginManager: Mounting plugin MatineeToLevelSequence
LogPluginManager: Mounting plugin MovieRenderPipeline
LogPluginManager: Mounting plugin TemplateSequence
LogPluginManager: Mounting plugin NetcodeUnitTest
LogPluginManager: Mounting plugin NUTUnrealEngine4
LogPluginManager: Mounting plugin OnlineSubsystemGooglePlay
LogPluginManager: Mounting plugin OnlineSubsystemIOS
LogPluginManager: Mounting plugin OnlineSubsystem
LogPluginManager: Mounting plugin OnlineSubsystemNull
LogPluginManager: Mounting plugin OnlineSubsystemUtils
LogPluginManager: Mounting plugin LauncherChunkInstaller
LogPluginManager: Mounting plugin AndroidDeviceProfileSelector
LogPluginManager: Mounting plugin AndroidMoviePlayer
LogPluginManager: Mounting plugin AndroidPermission
LogPluginManager: Mounting plugin AppleImageUtils
LogPluginManager: Mounting plugin AppleMoviePlayer
LogPluginManager: Mounting plugin ArchVisCharacter
LogPluginManager: Mounting plugin AssetTags
LogPluginManager: Mounting plugin AudioCapture
LogPluginManager: Mounting plugin CableComponent
LogPluginManager: Mounting plugin CustomMeshComponent
LogPluginManager: Mounting plugin EditableMesh
LogPluginManager: Mounting plugin ExampleDeviceProfileSelector
LogPluginManager: Mounting plugin GoogleCloudMessaging
LogPluginManager: Mounting plugin GooglePAD
LogPluginManager: Mounting plugin IOSDeviceProfileSelector
LogPluginManager: Mounting plugin LinuxDeviceProfileSelector
LogPluginManager: Mounting plugin LocationServicesBPLibrary
LogPluginManager: Mounting plugin MobilePatchingUtils
LogPluginManager: Mounting plugin OculusVR
LogPluginManager: Mounting plugin PhysXVehicles
LogPluginManager: Mounting plugin PostSplashScreen
LogPluginManager: Mounting plugin ProceduralMeshComponent
LogPluginManager: Mounting plugin RuntimePhysXCooking
LogPluginManager: Mounting plugin SignificanceManager
LogPluginManager: Mounting plugin SoundFields
LogPluginManager: Mounting plugin SteamVR
LogPluginManager: Mounting plugin Synthesis
LogPluginManager: Mounting plugin WebMMoviePlayer
LogPluginManager: Mounting plugin WindowsMoviePlayer
LogPluginManager: Mounting plugin ScreenshotTools
LogInit: Using libcurl 7.55.1-DEV
LogInit:  - built for x86_64-pc-win32
LogInit:  - supports SSL with OpenSSL/1.1.1
LogInit:  - supports HTTP deflate (compression) using libz 1.2.8
LogInit:  - other features:
LogInit:      CURL_VERSION_SSL
LogInit:      CURL_VERSION_LIBZ
LogInit:      CURL_VERSION_IPV6
LogInit:      CURL_VERSION_ASYNCHDNS
LogInit:      CURL_VERSION_LARGEFILE
LogInit:      CURL_VERSION_IDN
LogInit:  CurlRequestOptions (configurable via config and command line):
LogInit:  - bVerifyPeer = true  - Libcurl will verify peer certificate
LogInit:  - bUseHttpProxy = true  - Libcurl will use HTTP proxy
LogInit:  - HttpProxyAddress = '192.168.6.186:8080'
LogInit:  - bDontReuseConnections = false  - Libcurl will reuse connections
LogInit:  - MaxHostConnections = 16  - Libcurl will limit the number of connections to a host
LogInit:  - LocalHostAddr = Default
LogInit:  - BufferSize = 65536
LogOnline: OSS: Creating online subsystem instance for: NULL
LogInit: WinSock: version 1.1 (2.2), MaxSocks=32767, MaxUdp=65467
LogOnline: OSS: TryLoadSubsystemAndSetDefault: Loaded subsystem for module [NULL]
LogInit: Build: ++UE4+Release-4.25-CL-13942748
LogInit: Engine Version: 4.25.3-13942748+++UE4+Release-4.25
LogInit: Compatible Engine Version: 4.25.0-13144385+++UE4+Release-4.25
LogInit: Net CL: 13144385
LogInit: OS: Windows 10 (Release 1909) (), CPU: Intel(R) Core(TM) i5-9400F CPU @ 2.90GHz, GPU: NVIDIA GeForce GTX 1660
LogInit: Compiled (64-bit): Jul 25 2020 02:07:48
LogInit: Compiled with Visual C++: 19.24.28315.00
LogInit: Build Configuration: Development
LogInit: Branch Name: ++UE4+Release-4.25
LogInit: Command Line: 
LogInit: Base Directory: C:/Program Files/Epic Games/UE_4.25/Engine/Binaries/Win64/
LogInit: Allocator: TBB
LogInit: Installed Engine Build: 1
LogDevObjectVersion: Number of dev versions registered: 26
LogDevObjectVersion:   Dev-Blueprints (B0D832E4-1F89-4F0D-ACCF-7EB736FD4AA2): 10
LogDevObjectVersion:   Dev-Build (E1C64328-A22C-4D53-A36C-8E866417BD8C): 0
LogDevObjectVersion:   Dev-Core (375EC13C-06E4-48FB-B500-84F0262A717E): 4
LogDevObjectVersion:   Dev-Editor (E4B068ED-F494-42E9-A231-DA0B2E46BB41): 38
LogDevObjectVersion:   Dev-Framework (CFFC743F-43B0-4480-9391-14DF171D2073): 37
LogDevObjectVersion:   Dev-Mobile (B02B49B5-BB20-44E9-A304-32B752E40360): 2
LogDevObjectVersion:   Dev-Networking (A4E4105C-59A1-49B5-A7C5-40C4547EDFEE): 0
LogDevObjectVersion:   Dev-Online (39C831C9-5AE6-47DC-9A44-9C173E1C8E7C): 0
LogDevObjectVersion:   Dev-Physics (78F01B33-EBEA-4F98-B9B4-84EACCB95AA2): 4
LogDevObjectVersion:   Dev-Platform (6631380F-2D4D-43E0-8009-CF276956A95A): 0
LogDevObjectVersion:   Dev-Rendering (12F88B9F-8875-4AFC-A67C-D90C383ABD29): 43
LogDevObjectVersion:   Dev-Sequencer (7B5AE74C-D270-4C10-A958-57980B212A5A): 12
LogDevObjectVersion:   Dev-VR (D7296918-1DD6-4BDD-9DE2-64A83CC13884): 3
LogDevObjectVersion:   Dev-LoadTimes (C2A15278-BFE7-4AFE-6C17-90FF531DF755): 1
LogDevObjectVersion:   Private-Geometry (6EACA3D4-40EC-4CC1-B786-8BED09428FC5): 3
LogDevObjectVersion:   Dev-AnimPhys (29E575DD-E0A3-4627-9D10-D276232CDCEA): 17
LogDevObjectVersion:   Dev-Anim (AF43A65D-7FD3-4947-9873-3E8ED9C1BB05): 7
LogDevObjectVersion:   Dev-ReflectionCapture (6B266CEC-1EC7-4B8F-A30B-E4D90942FC07): 1
LogDevObjectVersion:   Dev-Automation (0DF73D61-A23F-47EA-B727-89E90C41499A): 1
LogDevObjectVersion:   FortniteMain (601D1886-AC64-4F84-AA16-D3DE0DEAC7D6): 31
LogDevObjectVersion:   Dev-Enterprise (9DFFBCD6-494F-0158-E221-12823C92A888): 10
LogDevObjectVersion:   Dev-Niagara (F2AED0AC-9AFE-416F-8664-AA7FFA26D6FC): 1
LogDevObjectVersion:   Dev-Destruction (174F1F0B-B4C6-45A5-B13F-2EE8D0FB917D): 10
LogDevObjectVersion:   Dev-Physics-Ext (35F94A83-E258-406C-A318-09F59610247C): 37
LogDevObjectVersion:   Dev-PhysicsMaterial-Chaos (B68FC16E-8B1B-42E2-B453-215C058844FE): 1
LogDevObjectVersion:   Dev-CineCamera (B2E18506-4273-CFC2-A54E-F4BB758BBA07): 1
LogInit: Presizing for max 25165824 objects, including 0 objects not considered by GC, pre-allocating 0 bytes for permanent pool.
LogConfig: Applying CVar settings from Section [/Script/Engine.StreamingSettings] File [D:/Alex Allen FMP/Age_of_Decay  Coded/Saved/Config/Windows/Engine.ini]
LogConfig: Setting CVar [[s.MinBulkDataSizeForAsyncLoading:131072]]
LogConfig: Setting CVar [[s.AsyncLoadingThreadEnabled:0]]
LogConfig: Setting CVar [[s.EventDrivenLoaderEnabled:1]]
LogConfig: Setting CVar [[s.WarnIfTimeLimitExceeded:0]]
LogConfig: Setting CVar [[s.TimeLimitExceededMultiplier:1.5]]
LogConfig: Setting CVar [[s.TimeLimitExceededMinTime:0.005]]
LogConfig: Setting CVar [[s.UseBackgroundLevelStreaming:1]]
LogConfig: Setting CVar [[s.PriorityAsyncLoadingExtraTime:15.0]]
LogConfig: Setting CVar [[s.LevelStreamingActorsUpdateTimeLimit:5.0]]
LogConfig: Setting CVar [[s.PriorityLevelStreamingActorsUpdateExtraTime:5.0]]
LogConfig: Setting CVar [[s.LevelStreamingComponentsRegistrationGranularity:10]]
LogConfig: Setting CVar [[s.UnregisterComponentsTimeLimit:1.0]]
LogConfig: Setting CVar [[s.LevelStreamingComponentsUnregistrationGranularity:5]]
LogConfig: Setting CVar [[s.FlushStreamingOnExit:1]]
LogInit: Object subsystem initialized
LogConfig: Setting CVar [[con.DebugEarlyDefault:1]]
LogConfig: Setting CVar [[r.setres:1280x720]]
[2021.04.26-13.27.46:424][  0]LogConfig: Setting CVar [[r.VSync:0]]
[2021.04.26-13.27.46:424][  0]LogConfig: Setting CVar [[r.RHICmdBypass:0]]
[2021.04.26-13.27.46:424][  0]LogConfig: Applying CVar settings from Section [/Script/Engine.RendererSettings] File [D:/Alex Allen FMP/Age_of_Decay  Coded/Saved/Config/Windows/Engine.ini]
[2021.04.26-13.27.46:424][  0]LogConfig: Setting CVar [[r.GPUCrashDebugging:0]]
[2021.04.26-13.27.46:424][  0]LogConfig: Applying CVar settings from Section [/Script/Engine.RendererOverrideSettings] File [D:/Alex Allen FMP/Age_of_Decay  Coded/Saved/Config/Windows/Engine.ini]
[2021.04.26-13.27.46:424][  0]LogConfig: Applying CVar settings from Section [/Script/Engine.StreamingSettings] File [D:/Alex Allen FMP/Age_of_Decay  Coded/Saved/Config/Windows/Engine.ini]
[2021.04.26-13.27.46:424][  0]LogConfig: Setting CVar [[s.MinBulkDataSizeForAsyncLoading:131072]]
[2021.04.26-13.27.46:424][  0]LogConfig: Setting CVar [[s.AsyncLoadingThreadEnabled:0]]
[2021.04.26-13.27.46:424][  0]LogConfig: Setting CVar [[s.EventDrivenLoaderEnabled:1]]
[2021.04.26-13.27.46:424][  0]LogConfig: Setting CVar [[s.WarnIfTimeLimitExceeded:0]]
[2021.04.26-13.27.46:424][  0]LogConfig: Setting CVar [[s.TimeLimitExceededMultiplier:1.5]]
[2021.04.26-13.27.46:424][  0]LogConfig: Setting CVar [[s.TimeLimitExceededMinTime:0.005]]
[2021.04.26-13.27.46:424][  0]LogConfig: Setting CVar [[s.UseBackgroundLevelStreaming:1]]
[2021.04.26-13.27.46:424][  0]LogConfig: Setting CVar [[s.PriorityAsyncLoadingExtraTime:15.0]]
[2021.04.26-13.27.46:424][  0]LogConfig: Setting CVar [[s.LevelStreamingActorsUpdateTimeLimit:5.0]]
[2021.04.26-13.27.46:424][  0]LogConfig: Setting CVar [[s.PriorityLevelStreamingActorsUpdateExtraTime:5.0]]
[2021.04.26-13.27.46:424][  0]LogConfig: Setting CVar [[s.LevelStreamingComponentsRegistrationGranularity:10]]
[2021.04.26-13.27.46:424][  0]LogConfig: Setting CVar [[s.UnregisterComponentsTimeLimit:1.0]]
[2021.04.26-13.27.46:424][  0]LogConfig: Setting CVar [[s.LevelStreamingComponentsUnregistrationGranularity:5]]
[2021.04.26-13.27.46:424][  0]LogConfig: Setting CVar [[s.FlushStreamingOnExit:1]]
[2021.04.26-13.27.46:424][  0]LogConfig: Applying CVar settings from Section [/Script/Engine.GarbageCollectionSettings] File [D:/Alex Allen FMP/Age_of_Decay  Coded/Saved/Config/Windows/Engine.ini]
[2021.04.26-13.27.46:424][  0]LogConfig: Setting CVar [[gc.MaxObjectsNotConsideredByGC:1]]
[2021.04.26-13.27.46:424][  0]LogConfig: Setting CVar [[gc.SizeOfPermanentObjectPool:0]]
[2021.04.26-13.27.46:424][  0]LogConfig: Setting CVar [[gc.FlushStreamingOnGC:0]]
[2021.04.26-13.27.46:424][  0]LogConfig: Setting CVar [[gc.NumRetriesBeforeForcingGC:10]]
[2021.04.26-13.27.46:424][  0]LogConfig: Setting CVar [[gc.AllowParallelGC:1]]
[2021.04.26-13.27.46:424][  0]LogConfig: Setting CVar [[gc.TimeBetweenPurgingPendingKillObjects:61.1]]
[2021.04.26-13.27.46:424][  0]LogConfig: Setting CVar [[gc.MaxObjectsInEditor:25165824]]
[2021.04.26-13.27.46:424][  0]LogConfig: Setting CVar [[gc.IncrementalBeginDestroyEnabled:1]]
[2021.04.26-13.27.46:424][  0]LogConfig: Setting CVar [[gc.CreateGCClusters:1]]
[2021.04.26-13.27.46:424][  0]LogConfig: Setting CVar [[gc.MinGCClusterSize:5]]
[2021.04.26-13.27.46:424][  0]LogConfig: Setting CVar [[gc.ActorClusteringEnabled:0]]
[2021.04.26-13.27.46:424][  0]LogConfig: Setting CVar [[gc.BlueprintClusteringEnabled:0]]
[2021.04.26-13.27.46:424][  0]LogConfig: Setting CVar [[gc.UseDisregardForGCOnDedicatedServers:0]]
[2021.04.26-13.27.46:424][  0]LogConfig: Applying CVar settings from Section [/Script/Engine.NetworkSettings] File [D:/Alex Allen FMP/Age_of_Decay  Coded/Saved/Config/Windows/Engine.ini]
[2021.04.26-13.27.46:425][  0]LogConfig: Applying CVar settings from Section [/Script/UnrealEd.CookerSettings] File [D:/Alex Allen FMP/Age_of_Decay  Coded/Saved/Config/Windows/Engine.ini]
[2021.04.26-13.27.46:427][  0]LogConfig: Applying CVar settings from Section [ViewDistanceQuality@3] File [D:/Alex Allen FMP/Age_of_Decay  Coded/Saved/Config/Windows/Scalability.ini]
[2021.04.26-13.27.46:427][  0]LogConfig: Setting CVar [[r.SkeletalMeshLODBias:0]]
[2021.04.26-13.27.46:427][  0]LogConfig: Setting CVar [[r.ViewDistanceScale:1.0]]
[2021.04.26-13.27.46:427][  0]LogConfig: Applying CVar settings from Section [AntiAliasingQuality@3] File [D:/Alex Allen FMP/Age_of_Decay  Coded/Saved/Config/Windows/Scalability.ini]
[2021.04.26-13.27.46:427][  0]LogConfig: Setting CVar [[r.PostProcessAAQuality:4]]
[2021.04.26-13.27.46:427][  0]LogConfig: Applying CVar settings from Section [ShadowQuality@3] File [D:/Alex Allen FMP/Age_of_Decay  Coded/Saved/Config/Windows/Scalability.ini]
[2021.04.26-13.27.46:427][  0]LogConfig: Setting CVar [[r.LightFunctionQuality:1]]
[2021.04.26-13.27.46:427][  0]LogConfig: Setting CVar [[r.ShadowQuality:5]]
[2021.04.26-13.27.46:427][  0]LogConfig: Setting CVar [[r.Shadow.CSM.MaxCascades:10]]
[2021.04.26-13.27.46:427][  0]LogConfig: Setting CVar [[r.Shadow.MaxResolution:2048]]
[2021.04.26-13.27.46:427][  0]LogConfig: Setting CVar [[r.Shadow.MaxCSMResolution:2048]]
[2021.04.26-13.27.46:427][  0]LogConfig: Setting CVar [[r.Shadow.RadiusThreshold:0.01]]
[2021.04.26-13.27.46:427][  0]LogConfig: Setting CVar [[r.Shadow.DistanceScale:1.0]]
[2021.04.26-13.27.46:427][  0]LogConfig: Setting CVar [[r.Shadow.CSM.TransitionScale:1.0]]
[2021.04.26-13.27.46:427][  0]LogConfig: Setting CVar [[r.Shadow.PreShadowResolutionFactor:1.0]]
[2021.04.26-13.27.46:427][  0]LogConfig: Setting CVar [[r.DistanceFieldShadowing:1]]
[2021.04.26-13.27.46:427][  0]LogConfig: Setting CVar [[r.DistanceFieldAO:1]]
[2021.04.26-13.27.46:427][  0]LogConfig: Setting CVar [[r.AOQuality:2]]
[2021.04.26-13.27.46:427][  0]LogConfig: Setting CVar [[r.VolumetricFog:1]]
[2021.04.26-13.27.46:427][  0]LogConfig: Setting CVar [[r.VolumetricFog.GridPixelSize:8]]
[2021.04.26-13.27.46:427][  0]LogConfig: Setting CVar [[r.VolumetricFog.GridSizeZ:128]]
[2021.04.26-13.27.46:427][  0]LogConfig: Setting CVar [[r.VolumetricFog.HistoryMissSupersampleCount:4]]
[2021.04.26-13.27.46:427][  0]LogConfig: Setting CVar [[r.LightMaxDrawDistanceScale:1]]
[2021.04.26-13.27.46:427][  0]LogConfig: Setting CVar [[r.CapsuleShadows:1]]
[2021.04.26-13.27.46:427][  0]LogConfig: Applying CVar settings from Section [PostProcessQuality@3] File [D:/Alex Allen FMP/Age_of_Decay  Coded/Saved/Config/Windows/Scalability.ini]
[2021.04.26-13.27.46:427][  0]LogConfig: Setting CVar [[r.MotionBlurQuality:4]]
[2021.04.26-13.27.46:427][  0]LogConfig: Setting CVar [[r.AmbientOcclusionMipLevelFactor:0.4]]
[2021.04.26-13.27.46:427][  0]LogConfig: Setting CVar [[r.AmbientOcclusionMaxQuality:100]]
[2021.04.26-13.27.46:427][  0]LogConfig: Setting CVar [[r.AmbientOcclusionLevels:-1]]
[2021.04.26-13.27.46:427][  0]LogConfig: Setting CVar [[r.AmbientOcclusionRadiusScale:1.0]]
[2021.04.26-13.27.46:427][  0]LogConfig: Setting CVar [[r.DepthOfFieldQuality:2]]
[2021.04.26-13.27.46:427][  0]LogConfig: Setting CVar [[r.RenderTargetPoolMin:400]]
[2021.04.26-13.27.46:427][  0]LogConfig: Setting CVar [[r.LensFlareQuality:2]]
[2021.04.26-13.27.46:427][  0]LogConfig: Setting CVar [[r.SceneColorFringeQuality:1]]
[2021.04.26-13.27.46:427][  0]LogConfig: Setting CVar [[r.EyeAdaptationQuality:2]]
[2021.04.26-13.27.46:427][  0]LogConfig: Setting CVar [[r.BloomQuality:5]]
[2021.04.26-13.27.46:427][  0]LogConfig: Setting CVar [[r.FastBlurThreshold:100]]
[2021.04.26-13.27.46:427][  0]LogConfig: Setting CVar [[r.Upscale.Quality:3]]
[2021.04.26-13.27.46:427][  0]LogConfig: Setting CVar [[r.Tonemapper.GrainQuantization:1]]
[2021.04.26-13.27.46:427][  0]LogConfig: Setting CVar [[r.LightShaftQuality:1]]
[2021.04.26-13.27.46:427][  0]LogConfig: Setting CVar [[r.Filter.SizeScale:1]]
[2021.04.26-13.27.46:427][  0]LogConfig: Setting CVar [[r.Tonemapper.Quality:5]]
[2021.04.26-13.27.46:427][  0]LogConfig: Setting CVar [[r.DOF.Gather.AccumulatorQuality:1        ; higher gathering accumulator quality]]
[2021.04.26-13.27.46:427][  0]LogConfig: Setting CVar [[r.DOF.Gather.PostfilterMethod:1          ; Median3x3 postfilering method]]
[2021.04.26-13.27.46:427][  0]LogConfig: Setting CVar [[r.DOF.Gather.EnableBokehSettings:0       ; no bokeh simulation when gathering]]
[2021.04.26-13.27.46:427][  0]LogConfig: Setting CVar [[r.DOF.Gather.RingCount:4                 ; medium number of samples when gathering]]
[2021.04.26-13.27.46:427][  0]LogConfig: Setting CVar [[r.DOF.Scatter.ForegroundCompositing:1    ; additive foreground scattering]]
[2021.04.26-13.27.46:427][  0]LogConfig: Setting CVar [[r.DOF.Scatter.BackgroundCompositing:2    ; additive background scattering]]
[2021.04.26-13.27.46:427][  0]LogConfig: Setting CVar [[r.DOF.Scatter.EnableBokehSettings:1      ; bokeh simulation when scattering]]
[2021.04.26-13.27.46:427][  0]LogConfig: Setting CVar [[r.DOF.Scatter.MaxSpriteRatio:0.1         ; only a maximum of 10% of scattered bokeh]]
[2021.04.26-13.27.46:427][  0]LogConfig: Setting CVar [[r.DOF.Recombine.Quality:1                ; cheap slight out of focus]]
[2021.04.26-13.27.46:427][  0]LogConfig: Setting CVar [[r.DOF.Recombine.EnableBokehSettings:0    ; no bokeh simulation on slight out of focus]]
[2021.04.26-13.27.46:427][  0]LogConfig: Setting CVar [[r.DOF.TemporalAAQuality:1                ; more stable temporal accumulation]]
[2021.04.26-13.27.46:427][  0]LogConfig: Setting CVar [[r.DOF.Kernel.MaxForegroundRadius:0.025]]
[2021.04.26-13.27.46:427][  0]LogConfig: Setting CVar [[r.DOF.Kernel.MaxBackgroundRadius:0.025]]
[2021.04.26-13.27.46:427][  0]LogConfig: Applying CVar settings from Section [TextureQuality@3] File [D:/Alex Allen FMP/Age_of_Decay  Coded/Saved/Config/Windows/Scalability.ini]
[2021.04.26-13.27.46:427][  0]LogConfig: Setting CVar [[r.Streaming.MipBias:0]]
[2021.04.26-13.27.46:427][  0]LogConfig: Setting CVar [[r.Streaming.AmortizeCPUToGPUCopy:0]]
[2021.04.26-13.27.46:427][  0]LogConfig: Setting CVar [[r.Streaming.MaxNumTexturesToStreamPerFrame:0]]
[2021.04.26-13.27.46:427][  0]LogConfig: Setting CVar [[r.Streaming.Boost:1]]
[2021.04.26-13.27.46:427][  0]LogConfig: Setting CVar [[r.MaxAnisotropy:8]]
[2021.04.26-13.27.46:427][  0]LogConfig: Setting CVar [[r.VT.MaxAnisotropy:8]]
[2021.04.26-13.27.46:427][  0]LogConfig: Setting CVar [[r.Streaming.LimitPoolSizeToVRAM:0]]
[2021.04.26-13.27.46:427][  0]LogConfig: Setting CVar [[r.Streaming.PoolSize:1000]]
[2021.04.26-13.27.46:427][  0]LogConfig: Setting CVar [[r.Streaming.MaxEffectiveScreenSize:0]]
[2021.04.26-13.27.46:427][  0]LogConfig: Applying CVar settings from Section [EffectsQuality@3] File [D:/Alex Allen FMP/Age_of_Decay  Coded/Saved/Config/Windows/Scalability.ini]
[2021.04.26-13.27.46:427][  0]LogConfig: Setting CVar [[r.TranslucencyLightingVolumeDim:64]]
[2021.04.26-13.27.46:427][  0]LogConfig: Setting CVar [[r.RefractionQuality:2]]
[2021.04.26-13.27.46:427][  0]LogConfig: Setting CVar [[r.SSR.Quality:3]]
[2021.04.26-13.27.46:427][  0]LogConfig: Setting CVar [[r.SSR.HalfResSceneColor:0]]
[2021.04.26-13.27.46:427][  0]LogConfig: Setting CVar [[r.SceneColorFormat:4]]
[2021.04.26-13.27.46:427][  0]LogConfig: Setting CVar [[r.DetailMode:2]]
[2021.04.26-13.27.46:427][  0]LogConfig: Setting CVar [[r.TranslucencyVolumeBlur:1]]
[2021.04.26-13.27.46:427][  0]LogConfig: Setting CVar [[r.MaterialQualityLevel:1 ; High quality]]
[2021.04.26-13.27.46:427][  0]LogConfig: Setting CVar [[r.SSS.Scale:1]]
[2021.04.26-13.27.46:427][  0]LogConfig: Setting CVar [[r.SSS.SampleSet:2]]
[2021.04.26-13.27.46:427][  0]LogConfig: Setting CVar [[r.SSS.Quality:1]]
[2021.04.26-13.27.46:427][  0]LogConfig: Setting CVar [[r.SSS.HalfRes:0]]
[2021.04.26-13.27.46:427][  0]LogConfig: Setting CVar [[r.SSGI.Quality:3]]
[2021.04.26-13.27.46:428][  0]LogConfig: Setting CVar [[r.EmitterSpawnRateScale:1.0]]
[2021.04.26-13.27.46:428][  0]LogConfig: Setting CVar [[r.ParticleLightQuality:2]]
[2021.04.26-13.27.46:428][  0]LogConfig: Setting CVar [[r.SkyAtmosphere.AerialPerspectiveLUT.FastApplyOnOpaque:1 ; Always have FastSkyLUT 1 in this case to avoid wrong sky]]
[2021.04.26-13.27.46:428][  0]LogConfig: Setting CVar [[r.SkyAtmosphere.AerialPerspectiveLUT.SampleCountPerSlice:1]]
[2021.04.26-13.27.46:428][  0]LogConfig: Setting CVar [[r.SkyAtmosphere.AerialPerspectiveLUT.DepthResolution:16.0]]
[2021.04.26-13.27.46:428][  0]LogConfig: Setting CVar [[r.SkyAtmosphere.FastSkyLUT:1]]
[2021.04.26-13.27.46:428][  0]LogConfig: Setting CVar [[r.SkyAtmosphere.FastSkyLUT.SampleCountMin:4.0]]
[2021.04.26-13.27.46:428][  0]LogConfig: Setting CVar [[r.SkyAtmosphere.FastSkyLUT.SampleCountMax:32.0]]
[2021.04.26-13.27.46:428][  0]LogConfig: Setting CVar [[r.SkyAtmosphere.SampleCountMin:4.0]]
[2021.04.26-13.27.46:428][  0]LogConfig: Setting CVar [[r.SkyAtmosphere.SampleCountMax:32.0]]
[2021.04.26-13.27.46:428][  0]LogConfig: Setting CVar [[r.SkyAtmosphere.TransmittanceLUT.UseSmallFormat:0]]
[2021.04.26-13.27.46:428][  0]LogConfig: Setting CVar [[r.SkyAtmosphere.TransmittanceLUT.SampleCount:10.0]]
[2021.04.26-13.27.46:428][  0]LogConfig: Setting CVar [[r.SkyAtmosphere.MultiScatteringLUT.SampleCount:15.0]]
[2021.04.26-13.27.46:428][  0]LogConfig: Applying CVar settings from Section [FoliageQuality@3] File [D:/Alex Allen FMP/Age_of_Decay  Coded/Saved/Config/Windows/Scalability.ini]
[2021.04.26-13.27.46:428][  0]LogConfig: Setting CVar [[foliage.DensityScale:1.0]]
[2021.04.26-13.27.46:428][  0]LogConfig: Setting CVar [[grass.DensityScale:1.0]]
[2021.04.26-13.27.46:428][  0]LogConfig: Applying CVar settings from Section [ShadingQuality@3] File [D:/Alex Allen FMP/Age_of_Decay  Coded/Saved/Config/Windows/Scalability.ini]
[2021.04.26-13.27.46:428][  0]LogConfig: Setting CVar [[r.HairStrands.SkyLighting.SampleCount:16]]
[2021.04.26-13.27.46:428][  0]LogConfig: Setting CVar [[r.HairStrands.SkyLighting.JitterIntegration:0]]
[2021.04.26-13.27.46:428][  0]LogConfig: Setting CVar [[r.HairStrands.SkyAO.SampleCount:16]]
[2021.04.26-13.27.46:428][  0]LogConfig: Setting CVar [[r.HairStrands.DeepShadow.SuperSampling:0]]
[2021.04.26-13.27.46:428][  0]LogConfig: Setting CVar [[r.HairStrands.VisibilityPPLL:0]]
[2021.04.26-13.27.46:428][  0]LogConfig: Setting CVar [[r.HairStrands.RasterizationScale:0.5]]
[2021.04.26-13.27.46:428][  0]LogConfig: Setting CVar [[r.HairStrands.VelocityRasterizationScale:1]]
[2021.04.26-13.27.46:428][  0]LogInit: Selected Device Profile: [Windows]
[2021.04.26-13.27.46:428][  0]LogInit: Applying CVar settings loaded from the selected device profile: [Windows]
[2021.04.26-13.27.46:428][  0]LogHAL: Display: Platform has ~ 16 GB [17125572608 / 17179869184 / 16], which maps to Larger [LargestMinGB=32, LargerMinGB=12, DefaultMinGB=8, SmallerMinGB=6, SmallestMinGB=0)
[2021.04.26-13.27.46:428][  0]LogInit: Going up to parent DeviceProfile []
[2021.04.26-13.27.46:428][  0]LogConfig: Applying CVar settings from Section [ViewDistanceQuality@3] File [D:/Alex Allen FMP/Age_of_Decay  Coded/Saved/Config/Windows/Scalability.ini]
[2021.04.26-13.27.46:428][  0]LogConfig: Setting CVar [[r.SkeletalMeshLODBias:0]]
[2021.04.26-13.27.46:428][  0]LogConfig: Setting CVar [[r.ViewDistanceScale:1.0]]
[2021.04.26-13.27.46:428][  0]LogConfig: Applying CVar settings from Section [AntiAliasingQuality@3] File [D:/Alex Allen FMP/Age_of_Decay  Coded/Saved/Config/Windows/Scalability.ini]
[2021.04.26-13.27.46:428][  0]LogConfig: Setting CVar [[r.PostProcessAAQuality:4]]
[2021.04.26-13.27.46:428][  0]LogConfig: Applying CVar settings from Section [ShadowQuality@3] File [D:/Alex Allen FMP/Age_of_Decay  Coded/Saved/Config/Windows/Scalability.ini]
[2021.04.26-13.27.46:428][  0]LogConfig: Setting CVar [[r.LightFunctionQuality:1]]
[2021.04.26-13.27.46:428][  0]LogConfig: Setting CVar [[r.ShadowQuality:5]]
[2021.04.26-13.27.46:428][  0]LogConfig: Setting CVar [[r.Shadow.CSM.MaxCascades:10]]
[2021.04.26-13.27.46:428][  0]LogConfig: Setting CVar [[r.Shadow.MaxResolution:2048]]
[2021.04.26-13.27.46:428][  0]LogConfig: Setting CVar [[r.Shadow.MaxCSMResolution:2048]]
[2021.04.26-13.27.46:428][  0]LogConfig: Setting CVar [[r.Shadow.RadiusThreshold:0.01]]
[2021.04.26-13.27.46:428][  0]LogConfig: Setting CVar [[r.Shadow.DistanceScale:1.0]]
[2021.04.26-13.27.46:428][  0]LogConfig: Setting CVar [[r.Shadow.CSM.TransitionScale:1.0]]
[2021.04.26-13.27.46:428][  0]LogConfig: Setting CVar [[r.Shadow.PreShadowResolutionFactor:1.0]]
[2021.04.26-13.27.46:428][  0]LogConfig: Setting CVar [[r.DistanceFieldShadowing:1]]
[2021.04.26-13.27.46:428][  0]LogConfig: Setting CVar [[r.DistanceFieldAO:1]]
[2021.04.26-13.27.46:428][  0]LogConfig: Setting CVar [[r.AOQuality:2]]
[2021.04.26-13.27.46:428][  0]LogConfig: Setting CVar [[r.VolumetricFog:1]]
[2021.04.26-13.27.46:428][  0]LogConfig: Setting CVar [[r.VolumetricFog.GridPixelSize:8]]
[2021.04.26-13.27.46:428][  0]LogConfig: Setting CVar [[r.VolumetricFog.GridSizeZ:128]]
[2021.04.26-13.27.46:428][  0]LogConfig: Setting CVar [[r.VolumetricFog.HistoryMissSupersampleCount:4]]
[2021.04.26-13.27.46:428][  0]LogConfig: Setting CVar [[r.LightMaxDrawDistanceScale:1]]
[2021.04.26-13.27.46:428][  0]LogConfig: Setting CVar [[r.CapsuleShadows:1]]
[2021.04.26-13.27.46:428][  0]LogConfig: Applying CVar settings from Section [PostProcessQuality@3] File [D:/Alex Allen FMP/Age_of_Decay  Coded/Saved/Config/Windows/Scalability.ini]
[2021.04.26-13.27.46:428][  0]LogConfig: Setting CVar [[r.MotionBlurQuality:4]]
[2021.04.26-13.27.46:428][  0]LogConfig: Setting CVar [[r.AmbientOcclusionMipLevelFactor:0.4]]
[2021.04.26-13.27.46:428][  0]LogConfig: Setting CVar [[r.AmbientOcclusionMaxQuality:100]]
[2021.04.26-13.27.46:428][  0]LogConfig: Setting CVar [[r.AmbientOcclusionLevels:-1]]
[2021.04.26-13.27.46:428][  0]LogConfig: Setting CVar [[r.AmbientOcclusionRadiusScale:1.0]]
[2021.04.26-13.27.46:428][  0]LogConfig: Setting CVar [[r.DepthOfFieldQuality:2]]
[2021.04.26-13.27.46:428][  0]LogConfig: Setting CVar [[r.RenderTargetPoolMin:400]]
[2021.04.26-13.27.46:428][  0]LogConfig: Setting CVar [[r.LensFlareQuality:2]]
[2021.04.26-13.27.46:428][  0]LogConfig: Setting CVar [[r.SceneColorFringeQuality:1]]
[2021.04.26-13.27.46:428][  0]LogConfig: Setting CVar [[r.EyeAdaptationQuality:2]]
[2021.04.26-13.27.46:428][  0]LogConfig: Setting CVar [[r.BloomQuality:5]]
[2021.04.26-13.27.46:428][  0]LogConfig: Setting CVar [[r.FastBlurThreshold:100]]
[2021.04.26-13.27.46:428][  0]LogConfig: Setting CVar [[r.Upscale.Quality:3]]
[2021.04.26-13.27.46:428][  0]LogConfig: Setting CVar [[r.Tonemapper.GrainQuantization:1]]
[2021.04.26-13.27.46:428][  0]LogConfig: Setting CVar [[r.LightShaftQuality:1]]
[2021.04.26-13.27.46:428][  0]LogConfig: Setting CVar [[r.Filter.SizeScale:1]]
[2021.04.26-13.27.46:428][  0]LogConfig: Setting CVar [[r.Tonemapper.Quality:5]]
[2021.04.26-13.27.46:428][  0]LogConfig: Setting CVar [[r.DOF.Gather.AccumulatorQuality:1        ; higher gathering accumulator quality]]
[2021.04.26-13.27.46:428][  0]LogConfig: Setting CVar [[r.DOF.Gather.PostfilterMethod:1          ; Median3x3 postfilering method]]
[2021.04.26-13.27.46:428][  0]LogConfig: Setting CVar [[r.DOF.Gather.EnableBokehSettings:0       ; no bokeh simulation when gathering]]
[2021.04.26-13.27.46:428][  0]LogConfig: Setting CVar [[r.DOF.Gather.RingCount:4                 ; medium number of samples when gathering]]
[2021.04.26-13.27.46:428][  0]LogConfig: Setting CVar [[r.DOF.Scatter.ForegroundCompositing:1    ; additive foreground scattering]]
[2021.04.26-13.27.46:428][  0]LogConfig: Setting CVar [[r.DOF.Scatter.BackgroundCompositing:2    ; additive background scattering]]
[2021.04.26-13.27.46:428][  0]LogConfig: Setting CVar [[r.DOF.Scatter.EnableBokehSettings:1      ; bokeh simulation when scattering]]
[2021.04.26-13.27.46:428][  0]LogConfig: Setting CVar [[r.DOF.Scatter.MaxSpriteRatio:0.1         ; only a maximum of 10% of scattered bokeh]]
[2021.04.26-13.27.46:428][  0]LogConfig: Setting CVar [[r.DOF.Recombine.Quality:1                ; cheap slight out of focus]]
[2021.04.26-13.27.46:428][  0]LogConfig: Setting CVar [[r.DOF.Recombine.EnableBokehSettings:0    ; no bokeh simulation on slight out of focus]]
[2021.04.26-13.27.46:428][  0]LogConfig: Setting CVar [[r.DOF.TemporalAAQuality:1                ; more stable temporal accumulation]]
[2021.04.26-13.27.46:428][  0]LogConfig: Setting CVar [[r.DOF.Kernel.MaxForegroundRadius:0.025]]
[2021.04.26-13.27.46:429][  0]LogConfig: Setting CVar [[r.DOF.Kernel.MaxBackgroundRadius:0.025]]
[2021.04.26-13.27.46:429][  0]LogConfig: Applying CVar settings from Section [TextureQuality@3] File [D:/Alex Allen FMP/Age_of_Decay  Coded/Saved/Config/Windows/Scalability.ini]
[2021.04.26-13.27.46:429][  0]LogConfig: Setting CVar [[r.Streaming.MipBias:0]]
[2021.04.26-13.27.46:429][  0]LogConfig: Setting CVar [[r.Streaming.AmortizeCPUToGPUCopy:0]]
[2021.04.26-13.27.46:429][  0]LogConfig: Setting CVar [[r.Streaming.MaxNumTexturesToStreamPerFrame:0]]
[2021.04.26-13.27.46:429][  0]LogConfig: Setting CVar [[r.Streaming.Boost:1]]
[2021.04.26-13.27.46:429][  0]LogConfig: Setting CVar [[r.MaxAnisotropy:8]]
[2021.04.26-13.27.46:429][  0]LogConfig: Setting CVar [[r.VT.MaxAnisotropy:8]]
[2021.04.26-13.27.46:429][  0]LogConfig: Setting CVar [[r.Streaming.LimitPoolSizeToVRAM:0]]
[2021.04.26-13.27.46:429][  0]LogConfig: Setting CVar [[r.Streaming.PoolSize:1000]]
[2021.04.26-13.27.46:429][  0]LogConfig: Setting CVar [[r.Streaming.MaxEffectiveScreenSize:0]]
[2021.04.26-13.27.46:429][  0]LogConfig: Applying CVar settings from Section [EffectsQuality@3] File [D:/Alex Allen FMP/Age_of_Decay  Coded/Saved/Config/Windows/Scalability.ini]
[2021.04.26-13.27.46:429][  0]LogConfig: Setting CVar [[r.TranslucencyLightingVolumeDim:64]]
[2021.04.26-13.27.46:429][  0]LogConfig: Setting CVar [[r.RefractionQuality:2]]
[2021.04.26-13.27.46:429][  0]LogConfig: Setting CVar [[r.SSR.Quality:3]]
[2021.04.26-13.27.46:429][  0]LogConfig: Setting CVar [[r.SSR.HalfResSceneColor:0]]
[2021.04.26-13.27.46:429][  0]LogConfig: Setting CVar [[r.SceneColorFormat:4]]
[2021.04.26-13.27.46:429][  0]LogConfig: Setting CVar [[r.DetailMode:2]]
[2021.04.26-13.27.46:429][  0]LogConfig: Setting CVar [[r.TranslucencyVolumeBlur:1]]
[2021.04.26-13.27.46:429][  0]LogConfig: Setting CVar [[r.MaterialQualityLevel:1 ; High quality]]
[2021.04.26-13.27.46:429][  0]LogConfig: Setting CVar [[r.SSS.Scale:1]]
[2021.04.26-13.27.46:429][  0]LogConfig: Setting CVar [[r.SSS.SampleSet:2]]
[2021.04.26-13.27.46:429][  0]LogConfig: Setting CVar [[r.SSS.Quality:1]]
[2021.04.26-13.27.46:429][  0]LogConfig: Setting CVar [[r.SSS.HalfRes:0]]
[2021.04.26-13.27.46:429][  0]LogConfig: Setting CVar [[r.SSGI.Quality:3]]
[2021.04.26-13.27.46:429][  0]LogConfig: Setting CVar [[r.EmitterSpawnRateScale:1.0]]
[2021.04.26-13.27.46:429][  0]LogConfig: Setting CVar [[r.ParticleLightQuality:2]]
[2021.04.26-13.27.46:429][  0]LogConfig: Setting CVar [[r.SkyAtmosphere.AerialPerspectiveLUT.FastApplyOnOpaque:1 ; Always have FastSkyLUT 1 in this case to avoid wrong sky]]
[2021.04.26-13.27.46:429][  0]LogConfig: Setting CVar [[r.SkyAtmosphere.AerialPerspectiveLUT.SampleCountPerSlice:1]]
[2021.04.26-13.27.46:429][  0]LogConfig: Setting CVar [[r.SkyAtmosphere.AerialPerspectiveLUT.DepthResolution:16.0]]
[2021.04.26-13.27.46:429][  0]LogConfig: Setting CVar [[r.SkyAtmosphere.FastSkyLUT:1]]
[2021.04.26-13.27.46:429][  0]LogConfig: Setting CVar [[r.SkyAtmosphere.FastSkyLUT.SampleCountMin:4.0]]
[2021.04.26-13.27.46:429][  0]LogConfig: Setting CVar [[r.SkyAtmosphere.FastSkyLUT.SampleCountMax:32.0]]
[2021.04.26-13.27.46:429][  0]LogConfig: Setting CVar [[r.SkyAtmosphere.SampleCountMin:4.0]]
[2021.04.26-13.27.46:429][  0]LogConfig: Setting CVar [[r.SkyAtmosphere.SampleCountMax:32.0]]
[2021.04.26-13.27.46:429][  0]LogConfig: Setting CVar [[r.SkyAtmosphere.TransmittanceLUT.UseSmallFormat:0]]
[2021.04.26-13.27.46:429][  0]LogConfig: Setting CVar [[r.SkyAtmosphere.TransmittanceLUT.SampleCount:10.0]]
[2021.04.26-13.27.46:429][  0]LogConfig: Setting CVar [[r.SkyAtmosphere.MultiScatteringLUT.SampleCount:15.0]]
[2021.04.26-13.27.46:429][  0]LogConfig: Applying CVar settings from Section [FoliageQuality@3] File [D:/Alex Allen FMP/Age_of_Decay  Coded/Saved/Config/Windows/Scalability.ini]
[2021.04.26-13.27.46:429][  0]LogConfig: Setting CVar [[foliage.DensityScale:1.0]]
[2021.04.26-13.27.46:429][  0]LogConfig: Setting CVar [[grass.DensityScale:1.0]]
[2021.04.26-13.27.46:429][  0]LogConfig: Applying CVar settings from Section [ShadingQuality@3] File [D:/Alex Allen FMP/Age_of_Decay  Coded/Saved/Config/Windows/Scalability.ini]
[2021.04.26-13.27.46:429][  0]LogConfig: Setting CVar [[r.HairStrands.SkyLighting.SampleCount:16]]
[2021.04.26-13.27.46:429][  0]LogConfig: Setting CVar [[r.HairStrands.SkyLighting.JitterIntegration:0]]
[2021.04.26-13.27.46:429][  0]LogConfig: Setting CVar [[r.HairStrands.SkyAO.SampleCount:16]]
[2021.04.26-13.27.46:429][  0]LogConfig: Setting CVar [[r.HairStrands.DeepShadow.SuperSampling:0]]
[2021.04.26-13.27.46:429][  0]LogConfig: Setting CVar [[r.HairStrands.VisibilityPPLL:0]]
[2021.04.26-13.27.46:429][  0]LogConfig: Setting CVar [[r.HairStrands.RasterizationScale:0.5]]
[2021.04.26-13.27.46:429][  0]LogConfig: Setting CVar [[r.HairStrands.VelocityRasterizationScale:1]]
[2021.04.26-13.27.46:429][  0]LogConfig: Applying CVar settings from Section [Startup] File [../../../Engine/Config/ConsoleVariables.ini]
[2021.04.26-13.27.46:429][  0]LogConfig: Setting CVar [[net.UseAdaptiveNetUpdateFrequency:0]]
[2021.04.26-13.27.46:429][  0]LogConfig: Setting CVar [[p.chaos.AllowCreatePhysxBodies:1]]
[2021.04.26-13.27.46:429][  0]LogConfig: Setting CVar [[fx.SkipVectorVMBackendOptimizations:1]]
[2021.04.26-13.27.46:429][  0]LogConfig: Applying CVar settings from Section [ConsoleVariables] File [D:/Alex Allen FMP/Age_of_Decay  Coded/Saved/Config/Windows/Engine.ini]
[2021.04.26-13.27.46:429][  0]LogInit: Computer: A22820X
[2021.04.26-13.27.46:429][  0]LogInit: User: aa05253299
[2021.04.26-13.27.46:429][  0]LogInit: CPU Page size=4096, Cores=6
[2021.04.26-13.27.46:429][  0]LogInit: High frequency timer resolution =10.000000 MHz
[2021.04.26-13.27.46:430][  0]LogMemory: Memory total: Physical=15.9GB (16GB approx)
[2021.04.26-13.27.46:430][  0]LogMemory: Platform Memory Stats for Windows
[2021.04.26-13.27.46:430][  0]LogMemory: Process Physical Memory: 117.06 MB used, 117.06 MB peak
[2021.04.26-13.27.46:430][  0]LogMemory: Process Virtual Memory: 95.74 MB used, 95.74 MB peak
[2021.04.26-13.27.46:430][  0]LogMemory: Physical Memory: 5829.55 MB used,  10502.66 MB free, 16332.22 MB total
[2021.04.26-13.27.46:430][  0]LogMemory: Virtual Memory: 5137.73 MB used,  134212592.00 MB free, 134217728.00 MB total
[2021.04.26-13.27.46:434][  0]LogWindows: WindowsPlatformFeatures enabled
[2021.04.26-13.27.46:467][  0]LogInit: Physics initialised using underlying interface: PhysX
[2021.04.26-13.27.46:468][  0]LogInit: Using OS detected language (en-US).
[2021.04.26-13.27.46:468][  0]LogInit: Using OS detected locale (en-GB).
[2021.04.26-13.27.46:470][  0]LogTextLocalizationManager: No specific localization for 'en-US' exists, so the 'en' localization will be used.
[2021.04.26-13.27.46:626][  0]LogInit: Setting process to per monitor DPI aware
[2021.04.26-13.27.46:650][  0]LogSlate: New Slate User Created.  User Index 0, Is Virtual User: 0
[2021.04.26-13.27.46:650][  0]LogSlate: Slate User Registered.  User Index 0, Is Virtual User: 0
[2021.04.26-13.27.46:898][  0]LogHMD: Failed to initialize OpenVR with code 110
[2021.04.26-13.27.46:898][  0]LogD3D11RHI: D3D11 min allowed feature level: 11_0
[2021.04.26-13.27.46:898][  0]LogD3D11RHI: D3D11 max allowed feature level: 11_0
[2021.04.26-13.27.46:898][  0]LogD3D11RHI: D3D11 adapters:
[2021.04.26-13.27.46:982][  0]LogD3D11RHI:    0. 'NVIDIA GeForce GTX 1660' (Feature Level 11_0)
[2021.04.26-13.27.46:982][  0]LogD3D11RHI:       5991/0/8166 MB DedicatedVideo/DedicatedSystem/SharedSystem, Outputs:1, VendorId:0x10de
[2021.04.26-13.27.46:985][  0]LogD3D11RHI:    1. 'Microsoft Basic Render Driver' (Feature Level 11_0)
[2021.04.26-13.27.46:985][  0]LogD3D11RHI:       0/0/8166 MB DedicatedVideo/DedicatedSystem/SharedSystem, Outputs:0, VendorId:0x1414
[2021.04.26-13.27.46:985][  0]LogD3D11RHI: Chosen D3D11 Adapter: 0
[2021.04.26-13.27.46:991][  0]LogD3D11RHI: Creating new Direct3DDevice
[2021.04.26-13.27.46:991][  0]LogD3D11RHI:     GPU DeviceId: 0x2184 (for the marketing name, search the web for "GPU Device Id")
[2021.04.26-13.27.46:991][  0]LogWindows: EnumDisplayDevices:
[2021.04.26-13.27.46:992][  0]LogWindows:    0. 'NVIDIA GeForce GTX 1660' (P:1 D:1)
[2021.04.26-13.27.46:992][  0]LogWindows:    1. 'NVIDIA GeForce GTX 1660' (P:0 D:0)
[2021.04.26-13.27.46:992][  0]LogWindows:    2. 'NVIDIA GeForce GTX 1660' (P:0 D:0)
[2021.04.26-13.27.46:992][  0]LogWindows:    3. 'NVIDIA GeForce GTX 1660' (P:0 D:0)
[2021.04.26-13.27.46:992][  0]LogWindows: DebugString: FoundDriverCount:4 
[2021.04.26-13.27.46:992][  0]LogD3D11RHI:     Adapter Name: NVIDIA GeForce GTX 1660
[2021.04.26-13.27.46:992][  0]LogD3D11RHI:   Driver Version: 451.67 (internal:27.21.14.5167, unified:451.67)
[2021.04.26-13.27.46:993][  0]LogD3D11RHI:      Driver Date: 7-5-2020
[2021.04.26-13.27.46:993][  0]LogRHI: Texture pool is 4193 MB (70% of 5991 MB)
[2021.04.26-13.27.47:039][  0]LogD3D11RHI: RHI has support for 64 bit atomics
[2021.04.26-13.27.47:041][  0]LogD3D11RHI: [Aftermath] Enabled and primed
[2021.04.26-13.27.47:041][  0]LogD3D11RHI: Async texture creation enabled
[2021.04.26-13.27.47:041][  0]LogD3D11RHI: Array index from any shader is supported
[2021.04.26-13.27.47:055][  0]LogD3D11RHI: GPU Timing Frequency: 1000.000000 (Debug: 2 1)
[2021.04.26-13.27.47:325][  0]LogTargetPlatformManager: Display: Loaded TargetPlatform 'AllDesktop'
[2021.04.26-13.27.47:344][  0]LogTargetPlatformManager: Display: Loaded TargetPlatform 'Android'
[2021.04.26-13.27.47:344][  0]LogTargetPlatformManager: Display: Loaded TargetPlatform 'Android_ASTC'
[2021.04.26-13.27.47:344][  0]LogTargetPlatformManager: Display: Loaded TargetPlatform 'Android_DXT'
[2021.04.26-13.27.47:344][  0]LogTargetPlatformManager: Display: Loaded TargetPlatform 'Android_ETC2'
[2021.04.26-13.27.47:344][  0]LogTargetPlatformManager: Display: Loaded TargetPlatform 'AndroidClient'
[2021.04.26-13.27.47:344][  0]LogTargetPlatformManager: Display: Loaded TargetPlatform 'Android_ASTCClient'
[2021.04.26-13.27.47:344][  0]LogTargetPlatformManager: Display: Loaded TargetPlatform 'Android_DXTClient'
[2021.04.26-13.27.47:344][  0]LogTargetPlatformManager: Display: Loaded TargetPlatform 'Android_ETC2Client'
[2021.04.26-13.27.47:344][  0]LogTargetPlatformManager: Display: Loaded TargetPlatform 'Android_Multi'
[2021.04.26-13.27.47:344][  0]LogTargetPlatformManager: Display: Loaded TargetPlatform 'Android_MultiClient'
[2021.04.26-13.27.47:365][  0]LogTargetPlatformManager: Display: Loaded TargetPlatform 'IOSClient'
[2021.04.26-13.27.47:366][  0]LogTargetPlatformManager: Display: Loaded TargetPlatform 'IOS'
[2021.04.26-13.27.47:375][  0]LogTargetPlatformManager: Display: Loaded TargetPlatform 'Linux'
[2021.04.26-13.27.47:383][  0]LogTargetPlatformManager: Display: Loaded TargetPlatform 'LinuxNoEditor'
[2021.04.26-13.27.47:391][  0]LogTargetPlatformManager: Display: Loaded TargetPlatform 'LinuxClient'
[2021.04.26-13.27.47:400][  0]LogTargetPlatformManager: Display: Loaded TargetPlatform 'LinuxServer'
[2021.04.26-13.27.47:408][  0]LogTargetPlatformManager: Display: Loaded TargetPlatform 'LinuxAArch64NoEditor'
[2021.04.26-13.27.47:416][  0]LogTargetPlatformManager: Display: Loaded TargetPlatform 'LinuxAArch64Client'
[2021.04.26-13.27.47:424][  0]LogTargetPlatformManager: Display: Loaded TargetPlatform 'LinuxAArch64Server'
[2021.04.26-13.27.47:446][  0]LogTargetPlatformManager: Display: Loaded TargetPlatform 'Lumin'
[2021.04.26-13.27.47:446][  0]LogTargetPlatformManager: Display: Loaded TargetPlatform 'LuminClient'
[2021.04.26-13.27.47:460][  0]LogTargetPlatformManager: Display: Loaded TargetPlatform 'TVOSClient'
[2021.04.26-13.27.47:460][  0]LogTargetPlatformManager: Display: Loaded TargetPlatform 'TVOS'
[2021.04.26-13.27.47:469][  0]LogTargetPlatformManager: Display: Loaded TargetPlatform 'WindowsNoEditor'
[2021.04.26-13.27.47:478][  0]LogTargetPlatformManager: Display: Loaded TargetPlatform 'Windows'
[2021.04.26-13.27.47:487][  0]LogTargetPlatformManager: Display: Loaded TargetPlatform 'WindowsClient'
[2021.04.26-13.27.47:495][  0]LogTargetPlatformManager: Display: Loaded TargetPlatform 'WindowsServer'
[2021.04.26-13.27.47:495][  0]LogTargetPlatformManager: Display: Building Assets For Windows
[2021.04.26-13.27.47:504][  0]LogAudioDebug: Display: Lib vorbis DLL was dynamically loaded.
[2021.04.26-13.27.47:563][  0]LogShaderCompilers: Guid format shader working directory is 14 characters bigger than the processId version (D:/Alex Allen FMP/Age_of_Decay  Coded/Intermediate/Shaders/WorkingDirectory/5100/).
[2021.04.26-13.27.47:563][  0]LogShaderCompilers: Cleaned the shader compiler working directory 'C:/Users/aa05253299/AppData/Local/Temp/UnrealShaderWorkingDir/A3FC6D7F47001C621D615E8570E0C2B7/'.
[2021.04.26-13.27.47:563][  0]LogXGEController: Cannot use XGE Controller as Incredibuild is not installed on this machine.
[2021.04.26-13.27.47:563][  0]LogShaderCompilers: Cannot use XGE Shader Compiler as Incredibuild is not installed on this machine.
[2021.04.26-13.27.47:563][  0]LogShaderCompilers: Display: Using Local Shader Compiler.
[2021.04.26-13.27.48:269][  0]LogDerivedDataCache: Display: Max Cache Size: 512 MB
[2021.04.26-13.27.48:314][  0]LogDerivedDataCache: Loaded boot cache 0.04s 77MB C:/Users/aa05253299/AppData/Local/UnrealEngine/4.25/DerivedDataCache/Boot.ddc.
[2021.04.26-13.27.48:314][  0]LogDerivedDataCache: Display: Loaded Boot cache: C:/Users/aa05253299/AppData/Local/UnrealEngine/4.25/DerivedDataCache/Boot.ddc
[2021.04.26-13.27.48:314][  0]LogDerivedDataCache: FDerivedDataBackendGraph:  Pak pak cache file D:/Alex Allen FMP/Age_of_Decay  Coded/DerivedDataCache/DDC.ddp not found, will not use a pak cache.
[2021.04.26-13.27.48:314][  0]LogDerivedDataCache: Unable to find inner node Pak for hierarchical cache Hierarchy.
[2021.04.26-13.27.48:314][  0]LogDerivedDataCache: FDerivedDataBackendGraph:  CompressedPak pak cache file D:/Alex Allen FMP/Age_of_Decay  Coded/DerivedDataCache/Compressed.ddp not found, will not use a pak cache.
[2021.04.26-13.27.48:314][  0]LogDerivedDataCache: Unable to find inner node CompressedPak for hierarchical cache Hierarchy.
[2021.04.26-13.27.48:323][  0]LogDerivedDataCache: Display: Pak cache opened for reading ../../../Engine/DerivedDataCache/Compressed.ddp.
[2021.04.26-13.27.48:324][  0]LogDerivedDataCache: FDerivedDataBackendGraph:  EnterprisePak pak cache file ../../../Enterprise/DerivedDataCache/Compressed.ddp not found, will not use a pak cache.
[2021.04.26-13.27.48:324][  0]LogDerivedDataCache: Unable to find inner node EnterprisePak for hierarchical cache Hierarchy.
[2021.04.26-13.27.48:325][  0]LogDerivedDataCache: Using Local data cache path C:/Users/aa05253299/AppData/Local/UnrealEngine/Common/DerivedDataCache: Writable
[2021.04.26-13.27.48:325][  0]LogDerivedDataCache: Shared data cache path not found in *engine.ini, will not use an Shared cache.
[2021.04.26-13.27.48:325][  0]LogDerivedDataCache: Unable to find inner node Shared for hierarchical cache Hierarchy.
[2021.04.26-13.27.48:369][  0]LogSlate: Using FreeType 2.10.0
[2021.04.26-13.27.48:369][  0]LogSlate: SlateFontServices - WITH_FREETYPE: 1, WITH_HARFBUZZ: 1
[2021.04.26-13.27.48:395][  0]LogAssetRegistry: FAssetRegistry took 0.0021 seconds to start up
[2021.04.26-13.27.48:592][  0]LogInit: Selected Device Profile: [Windows]
[2021.04.26-13.27.48:701][  0]LogMeshReduction: Using QuadricMeshReduction for automatic static mesh reduction
[2021.04.26-13.27.48:701][  0]LogMeshReduction: Using SimplygonMeshReduction for automatic skeletal mesh reduction
[2021.04.26-13.27.48:701][  0]LogMeshReduction: Using ProxyLODMeshReduction for automatic mesh merging
[2021.04.26-13.27.48:701][  0]LogMeshReduction: No distributed automatic mesh merging module available
[2021.04.26-13.27.48:701][  0]LogMeshMerging: No distributed automatic mesh merging module available
[2021.04.26-13.27.48:715][  0]LogNetVersion: Age_of_DecayCoded 1.0.0, NetCL: 13144385, EngineNetVer: 14, GameNetVer: 0 (Checksum: 2190840484)
[2021.04.26-13.27.49:120][  0]LogAISub: UAISubsystem::UAISubsystem AISubsystem (0000020054441BC0), frame # 0
[2021.04.26-13.27.49:120][  0]LogAISub: UAISubsystem::UAISubsystem AIPerceptionSystem (000002005436FC40), frame # 0
[2021.04.26-13.27.49:121][  0]LogAISub: UAISubsystem::UAISubsystem EnvQueryManager (00000200543FCA00), frame # 0
[2021.04.26-13.27.49:160][  0]LogPackageLocalizationCache: Processed 19 localized package path(s) for 1 prioritized culture(s) in 0.033427 seconds
[2021.04.26-13.27.49:164][  0]LogUObjectArray: 15917 objects as part of root set at end of initial load.
[2021.04.26-13.27.49:164][  0]LogUObjectAllocator: 3965568 out of 0 bytes used by permanent object pool.
[2021.04.26-13.27.49:164][  0]LogUObjectArray: CloseDisregardForGC: 0/0 objects in disregard for GC pool
[2021.04.26-13.27.49:486][  0]LogTcpMessaging: Initializing TcpMessaging bridge
[2021.04.26-13.27.49:490][  0]LogUdpMessaging: Initializing bridge on interface 0.0.0.0:0 to multicast group 230.0.0.1:6666.
[2021.04.26-13.27.49:564][  0]SourceControl: Source control is disabled
[2021.04.26-13.27.49:564][  0]LogWindows: Warning: CreateProc failed: The system cannot find the file specified. (0x00000002)
[2021.04.26-13.27.49:564][  0]LogWindows: Warning: URL: C:/Program Files/Git/bin/git.exe version
[2021.04.26-13.27.49:564][  0]LogWindows: Warning: CreateProc failed: The system cannot find the file specified. (0x00000002)
[2021.04.26-13.27.49:564][  0]LogWindows: Warning: URL: C:/Program Files (x86)/Git/bin/git.exe version
[2021.04.26-13.27.50:617][  0]LogAndroidPermission: UAndroidPermissionCallbackProxy::GetInstance
[2021.04.26-13.27.50:637][  0]LogAudioCaptureCore: Display: No Audio Capture implementations found. Audio input will be silent.
[2021.04.26-13.27.50:637][  0]LogAudioCaptureCore: Display: No Audio Capture implementations found. Audio input will be silent.
[2021.04.26-13.27.50:682][  0]LogOcInput: OculusInput pre-init called
[2021.04.26-13.27.50:691][  0]LogWindows: Failed to load 'OVRPlugin.dll' (GetLastError=126)
[2021.04.26-13.27.50:691][  0]LogWindows: File 'OVRPlugin.dll' does not exist
[2021.04.26-13.27.50:746][  0]LogEngine: Initializing Engine...
[2021.04.26-13.27.50:747][  0]LogHMD: Failed to initialize OpenVR with code 110
[2021.04.26-13.27.50:748][  0]LogMagicLeap: Warning: VR disabled because ZI is not enabled.  To enable, in the editor, Edit -> Project Settings -> Plugins -> Magic Leap Plugin -> Enable Zero Iteration
[2021.04.26-13.27.50:748][  0]LogStats: UGameplayTagsManager::InitializeManager -  0.000 s
[2021.04.26-13.27.50:848][  0]LogInit: Initializing FReadOnlyCVARCache
[2021.04.26-13.27.50:855][  0]LogAIModule: Creating AISystem for world Untitled
[2021.04.26-13.27.50:855][  0]LogAISub: UAISubsystem::UAISubsystem EnvQueryManager (000002005A423C00), frame # 0
[2021.04.26-13.27.50:855][  0]LogAISub: UAISubsystem::UAISubsystem AIPerceptionSystem (000002005A491580), frame # 0
[2021.04.26-13.27.50:874][  0]LogAudioMixer: Display: Audio Mixer Platform Settings:
[2021.04.26-13.27.50:874][  0]LogAudioMixer: Display: 	Sample Rate:						  48000
[2021.04.26-13.27.50:874][  0]LogAudioMixer: Display: 	Callback Buffer Frame Size Requested: 1024
[2021.04.26-13.27.50:874][  0]LogAudioMixer: Display: 	Callback Buffer Frame Size To Use:	  1024
[2021.04.26-13.27.50:874][  0]LogAudioMixer: Display: 	Number of buffers to queue:			  2
[2021.04.26-13.27.50:874][  0]LogAudioMixer: Display: 	Max Channels (voices):				  32
[2021.04.26-13.27.50:874][  0]LogAudioMixer: Display: 	Number of Async Source Workers:		  0
[2021.04.26-13.27.50:874][  0]LogAudio: Display: AudioDevice MaxSources: 32
[2021.04.26-13.27.50:874][  0]LogAudio: Display: Using built-in audio occlusion.
[2021.04.26-13.27.50:874][  0]LogAudioMixer: Display: Initializing audio mixer.
[2021.04.26-13.27.50:881][  0]LogAudioMixer: Display: Using Audio Device Unknown
[2021.04.26-13.27.50:884][  0]LogAudioMixer: Display: Initializing Sound Submixes...
[2021.04.26-13.27.50:886][  0]LogAudioMixer: Display: Creating Master Submix 'MasterSubmixDefault'
[2021.04.26-13.27.50:886][  0]LogAudioMixer: Display: Creating Master Submix 'MasterReverbSubmixDefault'
[2021.04.26-13.27.50:887][  0]LogAudioMixer: Display: Creating Master Submix 'MasterEQSubmixDefault'
[2021.04.26-13.27.50:888][  0]LogInit: FAudioDevice initialized.
[2021.04.26-13.27.50:888][  0]LogNetVersion: Set ProjectVersion to 1.0.0.0. Version Checksum will be recalculated on next use.
[2021.04.26-13.27.50:958][  0]LogDerivedDataCache: Saved boot cache 0.07s 77MB C:/Users/aa05253299/AppData/Local/UnrealEngine/4.25/DerivedDataCache/Boot.ddc.
[2021.04.26-13.27.50:959][  0]LogInit: Texture streaming: Enabled
[2021.04.26-13.27.50:976][  0]LogEngineSessionManager: EngineSessionManager initialized
[2021.04.26-13.27.50:976][  0]LogEditorSessionSummary: Verbose: Initializing EditorSessionSummaryWriter for editor session tracking
[2021.04.26-13.27.50:982][  0]LogEditorSessionSummary: EditorSessionSummaryWriter initialized
[2021.04.26-13.27.51:024][  0]LogInit: Transaction tracking system initialized
[2021.04.26-13.27.51:044][  0]BlueprintLog: New page: Editor Load
[2021.04.26-13.27.51:108][  0]LocalizationService: Localization service is disabled
[2021.04.26-13.27.51:238][  0]LogCook: Display: Max memory allowance for cook 16384mb min free memory 0mb
[2021.04.26-13.27.51:238][  0]LogCook: Display: Mobile HDR setting 1
[2021.04.26-13.27.51:363][  0]LogFileCache: Scanning file cache for directory 'D:/Alex Allen FMP/Age_of_Decay  Coded/Content/' took 0.00s
[2021.04.26-13.27.51:582][  0]LogUnrealEdMisc: Loading editor; pre map load, took 6.527
[2021.04.26-13.27.51:583][  0]Cmd: MAP LOAD FILE="D:/Alex Allen FMP/Age_of_Decay  Coded/Content/FirstPersonBP/Maps/Menu-Map.umap" TEMPLATE=0 SHOWPROGRESS=1 FEATURELEVEL=3
[2021.04.26-13.27.51:583][  0]LightingResults: New page: Lighting Build
[2021.04.26-13.27.51:614][  0]LogWorld: UWorld::CleanupWorld for Untitled, bSessionEnded=true, bCleanupResources=true
[2021.04.26-13.27.51:614][  0]LogSlate: InvalidateAllWidgets triggered.  All widgets were invalidated
[2021.04.26-13.27.51:614][  0]MapCheck: New page: Map Check
[2021.04.26-13.27.51:615][  0]LightingResults: New page: Lighting Build
[2021.04.26-13.27.51:637][  0]LogAISub: UAISubsystem::~UAISubsystem EnvQueryManager (000002005A423C00), frame # 0
[2021.04.26-13.27.51:637][  0]LogAISub: UAISubsystem::~UAISubsystem AIPerceptionSystem (000002005A491580), frame # 0
[2021.04.26-13.27.51:638][  0]LogUObjectHash: Compacting FUObjectHashTables data took   0.55ms
[2021.04.26-13.27.51:721][  0]LogTexture: Display: Building textures: AOD_Home_Screen (BGRA8, 455X292)
[2021.04.26-13.27.51:721][  0]LogTexture: Display: Building textures: Quit (AutoDXT, 1336X588)
[2021.04.26-13.27.51:721][  0]LogTexture: Display: Building textures: Start_Button (AutoDXT, 1336X588)
[2021.04.26-13.27.51:721][  0]LogTexture: Display: Building textures: Option_Button (AutoDXT, 1336X588)
[2021.04.26-13.27.51:721][  0]LogAudioDerivedData: Display: Building compressed audio format OGG hash OGG10000-1-1-1-1-1 wave Button_Sound...
[2021.04.26-13.27.51:721][  0]LogAudioDerivedData: Display: Compression Quality for SoundWave /Game/MenuAssets/Button_Sound.Button_Sound will be modified from 40 to 40.
[2021.04.26-13.27.51:750][  0]LogAudioDerivedData: Display: Updated SoundWave->RawPCMDataSize from 0 to 9116 while cooking SoundWave /Game/MenuAssets/Button_Sound.Button_Sound.
[2021.04.26-13.27.51:752][  0]LogAIModule: Creating AISystem for world Menu-Map
[2021.04.26-13.27.51:752][  0]LogAISub: UAISubsystem::UAISubsystem EnvQueryManager (0000020053B1DE00), frame # 0
[2021.04.26-13.27.51:752][  0]LogAISub: UAISubsystem::UAISubsystem AIPerceptionSystem (0000020053C5A0C0), frame # 0
[2021.04.26-13.27.51:752][  0]LogEditorServer: Finished looking for orphan Actors (0.000 secs)
[2021.04.26-13.27.51:761][  0]LogUObjectHash: Compacting FUObjectHashTables data took   0.57ms
[2021.04.26-13.27.51:764][  0]Cmd: MAP CHECKDEP NOCLEARLOG
[2021.04.26-13.27.51:764][  0]MapCheck: Map check complete: 0 Error(s), 0 Warning(s), took 0.079ms to complete.
[2021.04.26-13.27.51:764][  0]LogFileHelpers: Loading map 'Menu-Map' took 0.182
[2021.04.26-13.27.51:766][  0]LogUnrealEdMisc: Total Editor Startup Time, took 6.712
[2021.04.26-13.27.52:219][  0]LogSlate: Updating window title bar state: overlay mode, drag disabled, window buttons hidden, title bar hidden
[2021.04.26-13.27.52:226][  0]LogSlate: Updating window title bar state: overlay mode, drag disabled, window buttons hidden, title bar hidden
[2021.04.26-13.27.52:232][  0]LogSlate: Updating window title bar state: overlay mode, drag disabled, window buttons hidden, title bar hidden
[2021.04.26-13.27.52:238][  0]LogSlate: Updating window title bar state: overlay mode, drag disabled, window buttons hidden, title bar hidden
[2021.04.26-13.27.52:247][  0]LogCollectionManager: Loaded 0 collections in 0.001378 seconds
[2021.04.26-13.27.52:259][  0]LogFileCache: Scanning file cache for directory 'D:/Alex Allen FMP/Age_of_Decay  Coded/Saved/Collections/' took 0.00s
[2021.04.26-13.27.52:259][  0]LogFileCache: Scanning file cache for directory 'D:/Alex Allen FMP/Age_of_Decay  Coded/Content/Developers/aa05253299/Collections/' took 0.00s
[2021.04.26-13.27.52:259][  0]LogFileCache: Scanning file cache for directory 'D:/Alex Allen FMP/Age_of_Decay  Coded/Content/Collections/' took 0.00s
[2021.04.26-13.27.52:259][  0]LogContentBrowser: Native class hierarchy populated in 0.0077 seconds. Added 3427 classes and 821 folders.
[2021.04.26-13.27.52:261][  0]LogContentBrowser: Native class hierarchy updated for 'WidgetCarousel' in 0.0002 seconds. Added 0 classes and 0 folders.
[2021.04.26-13.27.52:381][  0]LogContentBrowser: Native class hierarchy updated for 'AddContentDialog' in 0.0002 seconds. Added 0 classes and 0 folders.
[2021.04.26-13.27.52:382][  0]LogContentBrowser: Native class hierarchy updated for 'SceneOutliner' in 0.0002 seconds. Added 2 classes and 0 folders.
[2021.04.26-13.27.52:434][  0]LogSlate: Took 0.000265 seconds to synchronously load lazily loaded font '../../../Engine/Content/Slate/Fonts/Roboto-Regular.ttf' (155K)
[2021.04.26-13.27.52:436][  0]LogSlate: Took 0.000183 seconds to synchronously load lazily loaded font '../../../Engine/Content/Slate/Fonts/Roboto-Bold.ttf' (160K)
[2021.04.26-13.27.52:440][  0]LogSlate: Took 0.001268 seconds to synchronously load lazily loaded font '../../../Engine/Content/Editor/Slate/Fonts/FontAwesome.ttf' (139K)
[2021.04.26-13.27.52:504][  0]LogRenderer: Reallocating scene render targets to support 1208x572 Format 10 NumSamples 1 (Frame:1).
[2021.04.26-13.27.52:541][  0]LogSlate: Took 0.001434 seconds to synchronously load lazily loaded font '../../../Engine/Content/Slate/Fonts/Roboto-Light.ttf' (167K)
[2021.04.26-13.27.52:723][  0]LogSlate: Window 'Tutorials' being destroyed
[2021.04.26-13.27.52:733][  0]LogContentBrowser: Native class hierarchy updated for 'HierarchicalLODOutliner' in 0.0002 seconds. Added 0 classes and 0 folders.
[2021.04.26-13.27.52:733][  0]LogLoad: (Engine Initialization) Total time: 7.68 seconds
[2021.04.26-13.27.52:733][  0]LogLoad: (Engine Initialization) Total Blueprint compile time: 0.00 seconds
[2021.04.26-13.27.52:765][  0]LogAssetRegistry: Asset discovery search completed in 4.3717 seconds
[2021.04.26-13.27.52:769][  0]LogCollectionManager: Fixed up redirectors for 0 collections in 0.000002 seconds (updated 0 objects)
[2021.04.26-13.27.52:770][  0]LogContentStreaming: Texture pool size now 1000 MB
[2021.04.26-13.27.58:086][607]LogTemp: Repeating last play command: Selected Viewport
[2021.04.26-13.27.58:097][607]LogPlayLevel: PlayLevel: No blueprints needed recompiling
[2021.04.26-13.27.58:097][607]PIE: New page: PIE session: Menu-Map (26 Apr 2021, 15:27:58)
[2021.04.26-13.27.58:098][607]LogOnline: OSS: Creating online subsystem instance for: NULL
[2021.04.26-13.27.58:099][607]LogOnline: OSS: TryLoadSubsystemAndSetDefault: Loaded subsystem for module [NULL]
[2021.04.26-13.27.58:099][607]LogPlayLevel: Creating play world package: /Game/FirstPersonBP/Maps/UEDPIE_0_Menu-Map
[2021.04.26-13.27.58:100][607]LogPlayLevel: PIE: StaticDuplicateObject took: (0.000725s)
[2021.04.26-13.27.58:100][607]LogAIModule: Creating AISystem for world Menu-Map
[2021.04.26-13.27.58:101][607]LogAISub: UAISubsystem::UAISubsystem EnvQueryManager (000002006BD41200), frame # 607
[2021.04.26-13.27.58:101][607]LogAISub: UAISubsystem::UAISubsystem AIPerceptionSystem (000002006BD3F100), frame # 607
[2021.04.26-13.27.58:101][607]LogPlayLevel: PIE: World Init took: (0.000965s)
[2021.04.26-13.27.58:101][607]LogPlayLevel: PIE: Created PIE world by copying editor world from /Game/FirstPersonBP/Maps/Menu-Map.Menu-Map to /Game/FirstPersonBP/Maps/UEDPIE_0_Menu-Map.Menu-Map (0.001792s)
[2021.04.26-13.27.58:109][607]LogUObjectHash: Compacting FUObjectHashTables data took   0.46ms
[2021.04.26-13.27.58:110][607]LogAudioMixer: Display: Audio Mixer Platform Settings:
[2021.04.26-13.27.58:110][607]LogAudioMixer: Display: 	Sample Rate:						  48000
[2021.04.26-13.27.58:110][607]LogAudioMixer: Display: 	Callback Buffer Frame Size Requested: 1024
[2021.04.26-13.27.58:110][607]LogAudioMixer: Display: 	Callback Buffer Frame Size To Use:	  1024
[2021.04.26-13.27.58:110][607]LogAudioMixer: Display: 	Number of buffers to queue:			  2
[2021.04.26-13.27.58:110][607]LogAudioMixer: Display: 	Max Channels (voices):				  32
[2021.04.26-13.27.58:110][607]LogAudioMixer: Display: 	Number of Async Source Workers:		  0
[2021.04.26-13.27.58:110][607]LogAudio: Display: AudioDevice MaxSources: 32
[2021.04.26-13.27.58:111][607]LogAudio: Display: Using built-in audio occlusion.
[2021.04.26-13.27.58:111][607]LogAudioMixer: Display: Initializing audio mixer.
[2021.04.26-13.27.58:112][607]LogAudioMixer: Display: Using Audio Device Unknown
[2021.04.26-13.27.58:112][607]LogAudioMixer: Display: Initializing Sound Submixes...
[2021.04.26-13.27.58:112][607]LogAudioMixer: Display: Creating Master Submix 'MasterSubmixDefault'
[2021.04.26-13.27.58:112][607]LogAudioMixer: Display: Creating Master Submix 'MasterReverbSubmixDefault'
[2021.04.26-13.27.58:112][607]LogAudioMixer: Display: Creating Master Submix 'MasterEQSubmixDefault'
[2021.04.26-13.27.58:114][607]LogInit: FAudioDevice initialized.
[2021.04.26-13.27.58:119][607]LogLoad: Game class is 'MainMenuGameMode_C'
[2021.04.26-13.27.58:128][607]LogWorld: Bringing World /Game/FirstPersonBP/Maps/UEDPIE_0_Menu-Map.Menu-Map up for play (max tick rate 0) at 2021.04.26-14.27.58
[2021.04.26-13.27.58:128][607]LogWorld: Bringing up level for play took: 0.000278
[2021.04.26-13.27.58:128][607]LogOnline: OSS: Creating online subsystem instance for: :Context_1
[2021.04.26-13.27.58:131][607]LogContentBrowser: Native class hierarchy updated for 'MovieSceneCapture' in 0.0003 seconds. Added 20 classes and 0 folders.
[2021.04.26-13.27.58:135][607]PIE: Server logged in
[2021.04.26-13.27.58:136][607]PIE: Play in editor total start time 0.041 seconds.
[2021.04.26-13.27.59:226][733]LogNet: Browse: /Game/FirstPersonBP/Maps/Mall-Map
[2021.04.26-13.27.59:226][733]LogLoad: LoadMap: /Game/FirstPersonBP/Maps/Mall-Map
[2021.04.26-13.27.59:226][733]LogWorld: BeginTearingDown for /Game/FirstPersonBP/Maps/UEDPIE_0_Menu-Map
[2021.04.26-13.27.59:227][733]LogWorld: UWorld::CleanupWorld for Menu-Map, bSessionEnded=true, bCleanupResources=true
[2021.04.26-13.27.59:227][733]LogSlate: InvalidateAllWidgets triggered.  All widgets were invalidated
[2021.04.26-13.27.59:276][733]LogAISub: UAISubsystem::~UAISubsystem EnvQueryManager (000002006BD41200), frame # 733
[2021.04.26-13.27.59:276][733]LogAISub: UAISubsystem::~UAISubsystem AIPerceptionSystem (000002006BD3F100), frame # 733
[2021.04.26-13.27.59:276][733]LogUObjectHash: Compacting FUObjectHashTables data took   0.47ms
[2021.04.26-13.28.01:388][733]LogTexture: Display: Building textures: HQ_Lightmap1_4 (AutoDXT, 2048X2048)
[2021.04.26-13.28.01:388][733]LogTexture: Display: Building textures: HQ_Lightmap1_2 (AutoDXT, 2048X2048)
[2021.04.26-13.28.01:388][733]LogTexture: Display: Building textures: HQ_Lightmap1_1 (AutoDXT, 2048X2048)
[2021.04.26-13.28.01:388][733]LogTexture: Display: Building textures: HQ_Lightmap1_3 (AutoDXT, 2048X2048)
[2021.04.26-13.28.01:388][733]LogTexture: Display: Building textures: HQ_Lightmap1_5 (AutoDXT, 64X64)
[2021.04.26-13.28.01:388][733]LogTexture: Display: Building textures: LQ_Lightmap_1_1 (DXT1, 2048X2048)
[2021.04.26-13.28.01:388][733]LogTexture: Display: Building textures: LQ_Lightmap_1_2 (DXT1, 2048X2048)
[2021.04.26-13.28.01:388][733]LogTexture: Display: Building textures: LQ_Lightmap_1_3 (DXT1, 2048X2048)
[2021.04.26-13.28.01:388][733]LogTexture: Display: Building textures: LQ_Lightmap_1_4 (DXT1, 2048X2048)
[2021.04.26-13.28.01:388][733]LogTexture: Display: Building textures: LQ_Lightmap_1_5 (DXT1, 64X64)
[2021.04.26-13.28.01:388][733]LogTexture: Display: Building textures: SkyOcclusion1_1 (AutoDXT, 2048X1024)
[2021.04.26-13.28.01:388][733]LogTexture: Display: Building textures: SkyOcclusion1_2 (AutoDXT, 2048X1024)
[2021.04.26-13.28.01:388][733]LogTexture: Display: Building textures: SkyOcclusion1_3 (AutoDXT, 2048X1024)
[2021.04.26-13.28.01:388][733]LogTexture: Display: Building textures: SkyOcclusion1_4 (AutoDXT, 2048X1024)
[2021.04.26-13.28.01:388][733]LogTexture: Display: Building textures: SkyOcclusion1_5 (AutoDXT, 64X32)
[2021.04.26-13.28.01:388][733]LogTexture: Display: Building textures: ShadowMapTexture2D_10 (G8, 1024X1024)
[2021.04.26-13.28.01:388][733]LogTexture: Display: Building textures: ShadowMapTexture2D_11 (G8, 1024X1024)
[2021.04.26-13.28.01:388][733]LogTexture: Display: Building textures: ShadowMapTexture2D_12 (G8, 1024X1024)
[2021.04.26-13.28.01:388][733]LogTexture: Display: Building textures: ShadowMapTexture2D_13 (G8, 1024X1024)
[2021.04.26-13.28.01:388][733]LogTexture: Display: Building textures: ShadowMapTexture2D_14 (G8, 1024X1024)
[2021.04.26-13.28.01:388][733]LogTexture: Display: Building textures: ShadowMapTexture2D_15 (G8, 32X32)
[2021.04.26-13.28.01:388][733]LogTexture: Display: Building textures: ShadowMapTexture2D_8 (G8, 1024X1024)
[2021.04.26-13.28.01:388][733]LogTexture: Display: Building textures: ShadowMapTexture2D_9 (G8, 1024X1024)
[2021.04.26-13.28.01:388][733]LogStaticMesh: Building static mesh keycard...
[2021.04.26-13.28.01:391][733]LogStaticMesh: Built static mesh [0.00s] /Game/DoorAssets/keycard.keycard
[2021.04.26-13.28.01:393][733]LogStaticMesh: Building static mesh DoorMesh...
[2021.04.26-13.28.01:394][733]LogStaticMesh: Built static mesh [0.00s] /Game/DoorAssets/DoorMesh.DoorMesh
[2021.04.26-13.28.01:395][733]LogMaterial: Display: Missing cached shader map for material lambert1, compiling. 
[2021.04.26-13.28.01:592][733]LogShaderCompilers: Display: Worker (1/3): shaders left to compile 15
[2021.04.26-13.28.01:592][733]LogShaderCompilers: Display: Worker (2/3): shaders left to compile 7
[2021.04.26-13.28.01:651][733]LogAIModule: Creating AISystem for world Mall-Map
[2021.04.26-13.28.01:655][733]LogAISub: UAISubsystem::UAISubsystem EnvQueryManager (000002005F870600), frame # 733
[2021.04.26-13.28.01:655][733]LogAISub: UAISubsystem::UAISubsystem AIPerceptionSystem (000002005F884CC0), frame # 733
[2021.04.26-13.28.01:657][733]LogLoad: Game class is 'FirstPersonGameMode_C'
[2021.04.26-13.28.01:710][733]LogWorld: Bringing World /Game/FirstPersonBP/Maps/UEDPIE_0_Mall-Map.Mall-Map up for play (max tick rate 0) at 2021.04.26-14.28.01
[2021.04.26-13.28.01:711][733]LogWorld: Bringing up level for play took: 0.051718
[2021.04.26-13.28.01:718][733]LogLoad: Took 2.491121 seconds to LoadMap(/Game/FirstPersonBP/Maps/Mall-Map)
[2021.04.26-13.28.15:020][273]LogSlate: Updating window title bar state: overlay mode, drag disabled, window buttons hidden, title bar hidden
[2021.04.26-13.28.15:021][273]LogWorld: BeginTearingDown for /Game/FirstPersonBP/Maps/UEDPIE_0_Mall-Map
[2021.04.26-13.28.15:024][273]LogWorld: UWorld::CleanupWorld for Mall-Map, bSessionEnded=true, bCleanupResources=true
[2021.04.26-13.28.15:041][273]LogSlate: InvalidateAllWidgets triggered.  All widgets were invalidated
[2021.04.26-13.28.15:048][273]LogPlayLevel: Display: Shutting down PIE online subsystems
[2021.04.26-13.28.15:051][273]LogSlate: InvalidateAllWidgets triggered.  All widgets were invalidated
[2021.04.26-13.28.15:060][273]LogSlate: Updating window title bar state: overlay mode, drag disabled, window buttons hidden, title bar hidden
[2021.04.26-13.28.15:093][273]LogAISub: UAISubsystem::~UAISubsystem EnvQueryManager (000002005F870600), frame # 2273
[2021.04.26-13.28.15:093][273]LogAISub: UAISubsystem::~UAISubsystem AIPerceptionSystem (000002005F884CC0), frame # 2273
[2021.04.26-13.28.15:094][273]LogUObjectHash: Compacting FUObjectHashTables data took   0.80ms
[2021.04.26-13.28.15:113][274]LogPlayLevel: Display: Destroying online subsystem :Context_1
[2021.04.26-13.28.17:675][570]LogSlate: Took 0.000221 seconds to synchronously load lazily loaded font '../../../Engine/Content/Slate/Fonts/Roboto-Light.ttf' (167K)
[2021.04.26-13.28.17:872][570]LogAssetEditorSubsystem: Opening Asset editor for World /Game/FirstPersonBP/Maps/Mall-Map.Mall-Map
[2021.04.26-13.28.17:890][570]LogUObjectHash: Compacting FUObjectHashTables data took   0.64ms
[2021.04.26-13.28.17:891][570]Cmd: MAP LOAD FILE="D:/Alex Allen FMP/Age_of_Decay  Coded/Content/FirstPersonBP/Maps/Mall-Map.umap" TEMPLATE=0 SHOWPROGRESS=1 FEATURELEVEL=3
[2021.04.26-13.28.17:892][570]LightingResults: New page: Lighting Build
[2021.04.26-13.28.17:892][570]LoadErrors: New page: Loading map: Mall-Map.umap
[2021.04.26-13.28.17:893][570]LogWorld: UWorld::CleanupWorld for Menu-Map, bSessionEnded=true, bCleanupResources=true
[2021.04.26-13.28.17:893][570]LogSlate: InvalidateAllWidgets triggered.  All widgets were invalidated
[2021.04.26-13.28.17:893][570]MapCheck: New page: Map Check
[2021.04.26-13.28.17:893][570]LightingResults: New page: Lighting Build
[2021.04.26-13.28.17:902][570]LogAISub: UAISubsystem::~UAISubsystem EnvQueryManager (0000020053B1DE00), frame # 2570
[2021.04.26-13.28.17:902][570]LogAISub: UAISubsystem::~UAISubsystem AIPerceptionSystem (0000020053C5A0C0), frame # 2570
[2021.04.26-13.28.17:903][570]LogUObjectHash: Compacting FUObjectHashTables data took   0.74ms
[2021.04.26-13.28.17:967][570]LogEditorServer: Finished looking for orphan Actors (0.000 secs)
[2021.04.26-13.28.17:967][570]LogAIModule: Creating AISystem for world Mall-Map
[2021.04.26-13.28.17:967][570]LogAISub: UAISubsystem::UAISubsystem EnvQueryManager (000002005F870600), frame # 2570
[2021.04.26-13.28.17:967][570]LogAISub: UAISubsystem::UAISubsystem AIPerceptionSystem (0000020081319940), frame # 2570
[2021.04.26-13.28.17:989][570]LogUObjectHash: Compacting FUObjectHashTables data took   0.64ms
[2021.04.26-13.28.18:004][570]Cmd: MAP CHECKDEP NOCLEARLOG
[2021.04.26-13.28.18:004][570]MapCheck: Map check complete: 0 Error(s), 0 Warning(s), took 0.237ms to complete.
[2021.04.26-13.28.18:004][570]LogFileHelpers: Loading map 'Mall-Map' took 0.113
[2021.04.26-13.28.23:893][265]Cmd: POLY SELECT ADJACENT WALLS
[2021.04.26-13.29.20:365][ 30]LogEditorViewport: Clicking on Actor (LMB): StaticMeshActor (Wall986)
[2021.04.26-13.29.28:775][ 15]LogEditorViewport: Clicking on Actor (LMB): StaticMeshActor (Wall925)
[2021.04.26-13.29.29:767][120]LogEditorViewport: Clicking on Actor (LMB): StaticMeshActor (Wall924)
[2021.04.26-13.29.31:523][308]Cmd: POLY SELECT MEMORY UNION
[2021.04.26-13.29.34:861][676]LogEditorViewport: Clicking on Actor (LMB): BP_Sky_Sphere_C (SkySphereBlueprint11)
[2021.04.26-13.31.44:709][615]LogEditorViewport: Clicking on Actor (LMB): StaticMeshActor (Wall925)
[2021.04.26-13.31.47:073][861]Cmd: TRANSACTION UNDO
[2021.04.26-13.31.47:073][861]LogEditorTransaction: Undo Clicking on Actors
[2021.04.26-13.31.49:157][ 56]LogEditorViewport: Clicking on Actor (LMB): StaticMeshActor (Wall908)
[2021.04.26-13.32.34:187][229]LogEditorViewport: Clicking on Actor (LMB): StaticMeshActor (Wall829)
[2021.04.26-13.32.35:750][410]Cmd: TRANSACTION UNDO
[2021.04.26-13.32.35:750][410]LogEditorTransaction: Undo Clicking on Actors
[2021.04.26-13.32.51:113][141]LogEditorViewport: Clicking on Actor (LMB): BP_Sky_Sphere_C (SkySphereBlueprint11)
